[06-Dec-2017 07:41:14 UTC] PHP Fatal error:  Uncaught exception 'PDOException' with message 'SQLSTATE[42000]: Syntax error or access violation: 1064 You have an error in your SQL syntax; check the manual that corresponds to your MySQL server version for the right syntax to use near 'FROM adoptees 
            WHERE id = '1'' at line 2' in /home/ubuntu/workspace/Lab08/api/getPetInfo.php:9
Stack trace:
#0 /home/ubuntu/workspace/Lab08/api/getPetInfo.php(9): PDOStatement->execute(Array)
#1 {main}
  thrown in /home/ubuntu/workspace/Lab08/api/getPetInfo.php on line 9
[06-Dec-2017 07:41:19 UTC] PHP Fatal error:  Uncaught exception 'PDOException' with message 'SQLSTATE[42000]: Syntax error or access violation: 1064 You have an error in your SQL syntax; check the manual that corresponds to your MySQL server version for the right syntax to use near 'FROM adoptees 
            WHERE id = '1'' at line 2' in /home/ubuntu/workspace/Lab08/api/getPetInfo.php:9
Stack trace:
#0 /home/ubuntu/workspace/Lab08/api/getPetInfo.php(9): PDOStatement->execute(Array)
#1 {main}
  thrown in /home/ubuntu/workspace/Lab08/api/getPetInfo.php on line 9
[06-Dec-2017 07:41:44 UTC] PHP Fatal error:  Uncaught exception 'PDOException' with message 'SQLSTATE[42000]: Syntax error or access violation: 1064 You have an error in your SQL syntax; check the manual that corresponds to your MySQL server version for the right syntax to use near 'FROM adoptees 
            WHERE id = '1'' at line 2' in /home/ubuntu/workspace/Lab08/api/getPetInfo.php:9
Stack trace:
#0 /home/ubuntu/workspace/Lab08/api/getPetInfo.php(9): PDOStatement->execute(Array)
#1 {main}
  thrown in /home/ubuntu/workspace/Lab08/api/getPetInfo.php on line 9
[06-Dec-2017 07:41:55 UTC] PHP Fatal error:  Uncaught exception 'PDOException' with message 'SQLSTATE[42000]: Syntax error or access violation: 1064 You have an error in your SQL syntax; check the manual that corresponds to your MySQL server version for the right syntax to use near 'FROM adoptees 
            WHERE id = '1'' at line 2' in /home/ubuntu/workspace/Lab08/api/getPetInfo.php:9
Stack trace:
#0 /home/ubuntu/workspace/Lab08/api/getPetInfo.php(9): PDOStatement->execute(Array)
#1 {main}
  thrown in /home/ubuntu/workspace/Lab08/api/getPetInfo.php on line 9
[06-Dec-2017 07:44:28 UTC] PHP Fatal error:  Uncaught exception 'PDOException' with message 'SQLSTATE[42000]: Syntax error or access violation: 1064 You have an error in your SQL syntax; check the manual that corresponds to your MySQL server version for the right syntax to use near 'FROM adoptees 
            WHERE id = '1'' at line 2' in /home/ubuntu/workspace/Lab08/api/getPetInfo.php:9
Stack trace:
#0 /home/ubuntu/workspace/Lab08/api/getPetInfo.php(9): PDOStatement->execute(Array)
#1 {main}
  thrown in /home/ubuntu/workspace/Lab08/api/getPetInfo.php on line 9
[06-Dec-2017 07:48:34 UTC] PHP Fatal error:  Uncaught exception 'PDOException' with message 'SQLSTATE[42000]: Syntax error or access violation: 1064 You have an error in your SQL syntax; check the manual that corresponds to your MySQL server version for the right syntax to use near 'FROM adoptees 
            WHERE id = '1'' at line 2' in /home/ubuntu/workspace/Lab08/api/getPetInfo.php:9
Stack trace:
#0 /home/ubuntu/workspace/Lab08/api/getPetInfo.php(9): PDOStatement->execute(Array)
#1 {main}
  thrown in /home/ubuntu/workspace/Lab08/api/getPetInfo.php on line 9
[06-Dec-2017 07:49:13 UTC] PHP Fatal error:  Uncaught exception 'PDOException' with message 'SQLSTATE[42000]: Syntax error or access violation: 1064 You have an error in your SQL syntax; check the manual that corresponds to your MySQL server version for the right syntax to use near 'FROM adoptees 
            WHERE id = '1'' at line 2' in /home/ubuntu/workspace/Lab08/api/getPetInfo.php:9
Stack trace:
#0 /home/ubuntu/workspace/Lab08/api/getPetInfo.php(9): PDOStatement->execute(Array)
#1 {main}
  thrown in /home/ubuntu/workspace/Lab08/api/getPetInfo.php on line 9
[06-Dec-2017 07:49:15 UTC] PHP Fatal error:  Uncaught exception 'PDOException' with message 'SQLSTATE[42000]: Syntax error or access violation: 1064 You have an error in your SQL syntax; check the manual that corresponds to your MySQL server version for the right syntax to use near 'FROM adoptees 
            WHERE id = '2'' at line 2' in /home/ubuntu/workspace/Lab08/api/getPetInfo.php:9
Stack trace:
#0 /home/ubuntu/workspace/Lab08/api/getPetInfo.php(9): PDOStatement->execute(Array)
#1 {main}
  thrown in /home/ubuntu/workspace/Lab08/api/getPetInfo.php on line 9
[06-Dec-2017 07:49:28 UTC] PHP Fatal error:  Uncaught exception 'PDOException' with message 'SQLSTATE[42000]: Syntax error or access violation: 1064 You have an error in your SQL syntax; check the manual that corresponds to your MySQL server version for the right syntax to use near 'FROM adoptees 
            WHERE id = '1'' at line 2' in /home/ubuntu/workspace/Lab08/api/getPetInfo.php:9
Stack trace:
#0 /home/ubuntu/workspace/Lab08/api/getPetInfo.php(9): PDOStatement->execute(Array)
#1 {main}
  thrown in /home/ubuntu/workspace/Lab08/api/getPetInfo.php on line 9
[06-Dec-2017 07:49:33 UTC] PHP Fatal error:  Uncaught exception 'PDOException' with message 'SQLSTATE[42000]: Syntax error or access violation: 1064 You have an error in your SQL syntax; check the manual that corresponds to your MySQL server version for the right syntax to use near 'FROM adoptees 
            WHERE id = '3'' at line 2' in /home/ubuntu/workspace/Lab08/api/getPetInfo.php:9
Stack trace:
#0 /home/ubuntu/workspace/Lab08/api/getPetInfo.php(9): PDOStatement->execute(Array)
#1 {main}
  thrown in /home/ubuntu/workspace/Lab08/api/getPetInfo.php on line 9
[06-Dec-2017 07:53:53 UTC] PHP Fatal error:  Uncaught exception 'PDOException' with message 'SQLSTATE[42000]: Syntax error or access violation: 1064 You have an error in your SQL syntax; check the manual that corresponds to your MySQL server version for the right syntax to use near 'FROM adoptees 
            WHERE id = '1'' at line 2' in /home/ubuntu/workspace/Lab08/api/getPetInfo.php:9
Stack trace:
#0 /home/ubuntu/workspace/Lab08/api/getPetInfo.php(9): PDOStatement->execute(Array)
#1 {main}
  thrown in /home/ubuntu/workspace/Lab08/api/getPetInfo.php on line 9
[06-Dec-2017 07:57:11 UTC] PHP Fatal error:  Uncaught exception 'PDOException' with message 'SQLSTATE[42000]: Syntax error or access violation: 1064 You have an error in your SQL syntax; check the manual that corresponds to your MySQL server version for the right syntax to use near 'FROM adoptees 
            WHERE id = '1'' at line 2' in /home/ubuntu/workspace/Lab08/api/getPetInfo.php:9
Stack trace:
#0 /home/ubuntu/workspace/Lab08/api/getPetInfo.php(9): PDOStatement->execute(Array)
#1 {main}
  thrown in /home/ubuntu/workspace/Lab08/api/getPetInfo.php on line 9
[06-Dec-2017 08:05:04 UTC] PHP Fatal error:  Uncaught exception 'PDOException' with message 'SQLSTATE[42000]: Syntax error or access violation: 1064 You have an error in your SQL syntax; check the manual that corresponds to your MySQL server version for the right syntax to use near 'FROM adoptees 
            WHERE id = '1'' at line 2' in /home/ubuntu/workspace/Lab08/api/getPetInfo.php:9
Stack trace:
#0 /home/ubuntu/workspace/Lab08/api/getPetInfo.php(9): PDOStatement->execute(Array)
#1 {main}
  thrown in /home/ubuntu/workspace/Lab08/api/getPetInfo.php on line 9
[06-Dec-2017 08:05:20 UTC] PHP Fatal error:  Uncaught exception 'PDOException' with message 'SQLSTATE[42000]: Syntax error or access violation: 1064 You have an error in your SQL syntax; check the manual that corresponds to your MySQL server version for the right syntax to use near 'FROM adoptees 
            WHERE id = '1'' at line 2' in /home/ubuntu/workspace/Lab08/api/getPetInfo.php:9
Stack trace:
#0 /home/ubuntu/workspace/Lab08/api/getPetInfo.php(9): PDOStatement->execute(Array)
#1 {main}
  thrown in /home/ubuntu/workspace/Lab08/api/getPetInfo.php on line 9
[06-Dec-2017 08:05:22 UTC] PHP Fatal error:  Uncaught exception 'PDOException' with message 'SQLSTATE[42000]: Syntax error or access violation: 1064 You have an error in your SQL syntax; check the manual that corresponds to your MySQL server version for the right syntax to use near 'FROM adoptees 
            WHERE id = '6'' at line 2' in /home/ubuntu/workspace/Lab08/api/getPetInfo.php:9
Stack trace:
#0 /home/ubuntu/workspace/Lab08/api/getPetInfo.php(9): PDOStatement->execute(Array)
#1 {main}
  thrown in /home/ubuntu/workspace/Lab08/api/getPetInfo.php on line 9
[06-Dec-2017 08:05:50 UTC] PHP Fatal error:  Uncaught exception 'PDOException' with message 'SQLSTATE[42000]: Syntax error or access violation: 1064 You have an error in your SQL syntax; check the manual that corresponds to your MySQL server version for the right syntax to use near 'FROM adoptees 
            WHERE id = '1'' at line 2' in /home/ubuntu/workspace/Lab08/api/getPetInfo.php:9
Stack trace:
#0 /home/ubuntu/workspace/Lab08/api/getPetInfo.php(9): PDOStatement->execute(Array)
#1 {main}
  thrown in /home/ubuntu/workspace/Lab08/api/getPetInfo.php on line 9
[06-Dec-2017 08:05:54 UTC] PHP Fatal error:  Uncaught exception 'PDOException' with message 'SQLSTATE[42000]: Syntax error or access violation: 1064 You have an error in your SQL syntax; check the manual that corresponds to your MySQL server version for the right syntax to use near 'FROM adoptees 
            WHERE id = '2'' at line 2' in /home/ubuntu/workspace/Lab08/api/getPetInfo.php:9
Stack trace:
#0 /home/ubuntu/workspace/Lab08/api/getPetInfo.php(9): PDOStatement->execute(Array)
#1 {main}
  thrown in /home/ubuntu/workspace/Lab08/api/getPetInfo.php on line 9
[07-Dec-2017 22:16:54 UTC] PHP Fatal error:  Uncaught exception 'PDOException' with message 'SQLSTATE[42000]: Syntax error or access violation: 1064 You have an error in your SQL syntax; check the manual that corresponds to your MySQL server version for the right syntax to use near 'FROM adoptees 
            WHERE id = '6'' at line 2' in /home/ubuntu/workspace/Lab08/api/getPetInfo.php:9
Stack trace:
#0 /home/ubuntu/workspace/Lab08/api/getPetInfo.php(9): PDOStatement->execute(Array)
#1 {main}
  thrown in /home/ubuntu/workspace/Lab08/api/getPetInfo.php on line 9
[10-Dec-2017 03:52:05 UTC] PHP Fatal error:  Uncaught exception 'PDOException' with message 'SQLSTATE[42000]: Syntax error or access violation: 1064 You have an error in your SQL syntax; check the manual that corresponds to your MySQL server version for the right syntax to use near 'FROM adoptees 
            WHERE id = '1'' at line 2' in /home/ubuntu/workspace/Lab08/api/getPetInfo.php:9
Stack trace:
#0 /home/ubuntu/workspace/Lab08/api/getPetInfo.php(9): PDOStatement->execute(Array)
#1 {main}
  thrown in /home/ubuntu/workspace/Lab08/api/getPetInfo.php on line 9
[10-Dec-2017 10:27:49 UTC] PHP Fatal error:  Uncaught exception 'PDOException' with message 'SQLSTATE[42000]: Syntax error or access violation: 1064 You have an error in your SQL syntax; check the manual that corresponds to your MySQL server version for the right syntax to use near 'FROM adoptees 
            WHERE id = '1'' at line 2' in /home/ubuntu/workspace/Lab08/api/getPetInfo.php:9
Stack trace:
#0 /home/ubuntu/workspace/Lab08/api/getPetInfo.php(9): PDOStatement->execute(Array)
#1 {main}
  thrown in /home/ubuntu/workspace/Lab08/api/getPetInfo.php on line 9
